Build started 13/3/2014 4:03:57 PM.
     1>Project "C:\Users\DANIEL\Desktop\123\UpdateEasydone\UpdateEasydone.vcxproj" on node 2 (Build target(s)).
     1>ClCompile:
         C:\Program Files (x86)\Microsoft Visual Studio 11.0\VC\bin\CL.exe /c /AI"C:\Program Files (x86)\Reference Assemblies\Microsoft\Framework\.NETFramework\v4.5\\" /AI"C:\Program Files (x86)\Windows Kits\8.0\References\CommonConfiguration\Neutral" /AI"C:\Program Files (x86)\Reference Assemblies\Microsoft\Framework\.NETFramework\v4.5\Facades\\" /Zi /clr /nologo /W3 /WX- /Od /Oy- /D WIN32 /D _DEBUG /D _UNICODE /D UNICODE /EHa /MDd /GS /fp:precise /Zc:wchar_t /Zc:forScope /Fo"Debug\\" /Fd"Debug\vc110.pdb" /TP /FU"C:\Program Files (x86)\Reference Assemblies\Microsoft\Framework\.NETFramework\v4.5\mscorlib.dll" /analyze- /errorReport:prompt /clr:nostdlib Store.cpp Worker.cpp
         Store.cpp
     1>c:\users\daniel\desktop\123\updateeasydone\Store.h(31): warning C4091: 'typedef ' : ignored on left of 'Task' when no variable is declared
     1>Store.cpp(33): error C2086: 'std::string getEndDate1' : redefinition
                 Store.cpp(31) : see declaration of 'getEndDate1'
     1>Store.cpp(44): error C2059: syntax error : '['
     1>Store.cpp(49): error C2039: 'iter' : is not a member of 'std::vector<_Ty>'
                 with
                 [
                     _Ty=Task
                 ]
     1>Store.cpp(49): error C2039: 'taskList' : is not a member of 'std::vector<_Ty>'
                 with
                 [
                     _Ty=Task
                 ]
     1>Store.cpp(49): error C2668: 'std::vector<_Ty>::begin' : ambiguous call to overloaded function
                 with
                 [
                     _Ty=Task
                 ]
                 C:\Program Files (x86)\Microsoft Visual Studio 11.0\VC\include\vector(985): could be 'std::_Vector_const_iterator<_Myvec> std::vector<_Ty>::begin(void) throw() const'
                 with
                 [
                     _Myvec=std::_Vector_val<std::_Simple_types<Task>>,
                     _Ty=Task
                 ]
                 C:\Program Files (x86)\Microsoft Visual Studio 11.0\VC\include\vector(980): or       'std::_Vector_iterator<_Myvec> std::vector<_Ty>::begin(void) throw()'
                 with
                 [
                     _Myvec=std::_Vector_val<std::_Simple_types<Task>>,
                     _Ty=Task
                 ]
                 while trying to match the argument list '(void)'
         Worker.cpp
     1>c:\users\daniel\desktop\123\updateeasydone\Store.h(31): warning C4091: 'typedef ' : ignored on left of 'Task' when no variable is declared
     1>Worker.cpp(59): error C2660: 'Worker::removeTaskWithIndex' : function does not take 0 arguments
     1>Worker.cpp(64): error C2660: 'Worker::updateTaskWithIndex' : function does not take 0 arguments
     1>Worker.cpp(101): error C3867: 'Store::getIteratorBegin': function call missing argument list; use '&Store::getIteratorBegin' to create a pointer to member
     1>Worker.cpp(101): error C2679: binary '=' : no operator found which takes a right-hand operand of type 'std::_Vector_iterator<_Myvec> (__thiscall Store::* )(void)' (or there is no acceptable conversion)
                 with
                 [
                     _Myvec=std::_Vector_val<std::_Simple_types<Task>>
                 ]
                 C:\Program Files (x86)\Microsoft Visual Studio 11.0\VC\include\vector(390): could be 'std::_Vector_iterator<_Myvec> &std::_Vector_iterator<_Myvec>::operator =(const std::_Vector_iterator<_Myvec> &)'
                 with
                 [
                     _Myvec=std::_Vector_val<std::_Simple_types<Task>>
                 ]
                 while trying to match the argument list '(std::_Vector_iterator<_Myvec>, std::_Vector_iterator<_Myvec> (__thiscall Store::* )(void))'
                 with
                 [
                     _Myvec=std::_Vector_val<std::_Simple_types<Task>>
                 ]
         Generating Code...
     1>Done Building Project "C:\Users\DANIEL\Desktop\123\UpdateEasydone\UpdateEasydone.vcxproj" (Build target(s)) -- FAILED.

Build FAILED.

Time Elapsed 00:00:03.80
