Build started 28/3/2014 1:29:33 AM.
     1>Project "C:\Users\simanthika\Desktop\EasyDone\UnitTest\UnitTest.vcxproj" on node 2 (Build target(s)).
     1>ClCompile:
         C:\Program Files (x86)\Microsoft Visual Studio 11.0\VC\bin\CL.exe /c /IC:\Users\simanthika\Desktop\EasyDone\EasyDone /ZI /nologo /W3 /WX- /Od /Oy- /D WIN32 /D _DEBUG /D _WINDLL /D _UNICODE /D UNICODE /Gm /EHsc /RTC1 /MDd /GS /fp:precise /Zc:wchar_t /Zc:forScope /Yc"stdafx.h" /Fp"Debug\UnitTest.pch" /Fo"Debug\\" /Fd"Debug\vc110.pdb" /Gd /TP /analyze- /FC /errorReport:prompt stdafx.cpp
         stdafx.cpp
     1>c:\users\simanthika\desktop\easydone\unittest\stdafx.h(11): fatal error C1083: Cannot open include file: 'CppUnitTest.h': No such file or directory
     1>Done Building Project "C:\Users\simanthika\Desktop\EasyDone\UnitTest\UnitTest.vcxproj" (Build target(s)) -- FAILED.

Build FAILED.

Time Elapsed 00:00:00.48
